<?xml version="1.0" encoding="UTF-8"?>
<!-- Generated by org.testng.reporters.JUnitReportReporter -->
<testsuite hostname="D4J0PT2" failures="0" tests="6" name="com.extent.reports.TestReports" time="0.020" errors="0" timestamp="2022-07-02T11:22:31 IST" skipped="0">
  <testcase classname="com.extent.reports.TestReports" name="Test1" time="0.013"/>
  <system-out/>
  <testcase classname="com.extent.reports.TestReports" name="Test4" time="0.001"/>
  <system-out/>
  <testcase classname="com.extent.reports.TestReports" name="Test6" time="0.001"/>
  <system-out/>
  <testcase classname="com.extent.reports.TestReports" name="Test2" time="0.002"/>
  <system-out/>
  <testcase classname="com.extent.reports.TestReports" name="Test3" time="0.002"/>
  <system-out/>
  <testcase classname="com.extent.reports.TestReports" name="Test5" time="0.001"/>
  <system-out/>
</testsuite> <!-- com.extent.reports.TestReports -->
